----------------------------------------------------------------
Tue Oct 25 20:01:18 CDT 2022:
Booting Derby version The Apache Software Foundation - Apache Derby - 10.9.1.0 - (1344872): instance a816c00e-0184-11ce-d3ed-000000983758 
on database directory C:\Users\vch_9\OneDrive\Documentos\-----------------Tecmilenio----------------\Ultimo Semestre Real ---------\AppRestaurante\Restaurant-Order-System-master\Employee  with class loader sun.misc.Launcher$AppClassLoader@1f96302 
Loaded from file:/C:/Users/vch_9/OneDrive/Documentos/-----------------Tecmilenio----------------/Ultimo%20Semestre%20Real%20---------/derby-10.9.1.0.jar
java.vendor=Oracle Corporation
java.runtime.version=1.8.0_221-b11
user.dir=C:\Users\vch_9\OneDrive\Documentos\-----------------Tecmilenio----------------\Ultimo Semestre Real ---------\AppRestaurante\Restaurant-Order-System-master
derby.system.home=null
Database Class Loader started - derby.database.classpath=''
----------------------------------------------------------------
Tue Oct 25 20:01:19 CDT 2022:
Shutting down instance a816c00e-0184-11ce-d3ed-000000983758 on database directory C:\Users\vch_9\OneDrive\Documentos\-----------------Tecmilenio----------------\Ultimo Semestre Real ---------\AppRestaurante\Restaurant-Order-System-master\Employee with class loader sun.misc.Launcher$AppClassLoader@1f96302 
----------------------------------------------------------------
Tue Oct 25 20:01:19 CDT 2022:
Booting Derby version The Apache Software Foundation - Apache Derby - 10.9.1.0 - (1344872): instance fb160050-0184-11ce-d3ed-000000983758 
on database directory C:\Users\vch_9\OneDrive\Documentos\-----------------Tecmilenio----------------\Ultimo Semestre Real ---------\AppRestaurante\Restaurant-Order-System-master\Employee  with class loader sun.misc.Launcher$AppClassLoader@1f96302 
Loaded from file:/C:/Users/vch_9/OneDrive/Documentos/-----------------Tecmilenio----------------/Ultimo%20Semestre%20Real%20---------/derby-10.9.1.0.jar
java.vendor=Oracle Corporation
java.runtime.version=1.8.0_221-b11
user.dir=C:\Users\vch_9\OneDrive\Documentos\-----------------Tecmilenio----------------\Ultimo Semestre Real ---------\AppRestaurante\Restaurant-Order-System-master
derby.system.home=null
Database Class Loader started - derby.database.classpath=''
----------------------------------------------------------------
Tue Oct 25 20:01:19 CDT 2022:
Shutting down instance fb160050-0184-11ce-d3ed-000000983758 on database directory C:\Users\vch_9\OneDrive\Documentos\-----------------Tecmilenio----------------\Ultimo Semestre Real ---------\AppRestaurante\Restaurant-Order-System-master\Employee with class loader sun.misc.Launcher$AppClassLoader@1f96302 
----------------------------------------------------------------
Tue Oct 25 20:01:36 CDT 2022:
Booting Derby version The Apache Software Foundation - Apache Derby - 10.9.1.0 - (1344872): instance 12564092-0184-11ce-d3ed-000000983758 
on database directory C:\Users\vch_9\OneDrive\Documentos\-----------------Tecmilenio----------------\Ultimo Semestre Real ---------\AppRestaurante\Restaurant-Order-System-master\Employee  with class loader sun.misc.Launcher$AppClassLoader@1f96302 
Loaded from file:/C:/Users/vch_9/OneDrive/Documentos/-----------------Tecmilenio----------------/Ultimo%20Semestre%20Real%20---------/derby-10.9.1.0.jar
java.vendor=Oracle Corporation
java.runtime.version=1.8.0_221-b11
user.dir=C:\Users\vch_9\OneDrive\Documentos\-----------------Tecmilenio----------------\Ultimo Semestre Real ---------\AppRestaurante\Restaurant-Order-System-master
derby.system.home=null
Database Class Loader started - derby.database.classpath=''
----------------------------------------------------------------
Tue Oct 25 20:01:36 CDT 2022:
Shutting down instance 12564092-0184-11ce-d3ed-000000983758 on database directory C:\Users\vch_9\OneDrive\Documentos\-----------------Tecmilenio----------------\Ultimo Semestre Real ---------\AppRestaurante\Restaurant-Order-System-master\Employee with class loader sun.misc.Launcher$AppClassLoader@1f96302 
----------------------------------------------------------------
Tue Oct 25 20:01:42 CDT 2022:
Booting Derby version The Apache Software Foundation - Apache Derby - 10.9.1.0 - (1344872): instance 6dd780d4-0184-11ce-d3ed-000000983758 
on database directory C:\Users\vch_9\OneDrive\Documentos\-----------------Tecmilenio----------------\Ultimo Semestre Real ---------\AppRestaurante\Restaurant-Order-System-master\Employee  with class loader sun.misc.Launcher$AppClassLoader@1f96302 
Loaded from file:/C:/Users/vch_9/OneDrive/Documentos/-----------------Tecmilenio----------------/Ultimo%20Semestre%20Real%20---------/derby-10.9.1.0.jar
java.vendor=Oracle Corporation
java.runtime.version=1.8.0_221-b11
user.dir=C:\Users\vch_9\OneDrive\Documentos\-----------------Tecmilenio----------------\Ultimo Semestre Real ---------\AppRestaurante\Restaurant-Order-System-master
derby.system.home=null
Database Class Loader started - derby.database.classpath=''
----------------------------------------------------------------
Tue Oct 25 20:01:42 CDT 2022:
Shutting down instance 6dd780d4-0184-11ce-d3ed-000000983758 on database directory C:\Users\vch_9\OneDrive\Documentos\-----------------Tecmilenio----------------\Ultimo Semestre Real ---------\AppRestaurante\Restaurant-Order-System-master\Employee with class loader sun.misc.Launcher$AppClassLoader@1f96302 
----------------------------------------------------------------
Tue Oct 25 20:01:42 CDT 2022:
Booting Derby version The Apache Software Foundation - Apache Derby - 10.9.1.0 - (1344872): instance 8d99c116-0184-11ce-d3ed-000000983758 
on database directory C:\Users\vch_9\OneDrive\Documentos\-----------------Tecmilenio----------------\Ultimo Semestre Real ---------\AppRestaurante\Restaurant-Order-System-master\Employee  with class loader sun.misc.Launcher$AppClassLoader@1f96302 
Loaded from file:/C:/Users/vch_9/OneDrive/Documentos/-----------------Tecmilenio----------------/Ultimo%20Semestre%20Real%20---------/derby-10.9.1.0.jar
java.vendor=Oracle Corporation
java.runtime.version=1.8.0_221-b11
user.dir=C:\Users\vch_9\OneDrive\Documentos\-----------------Tecmilenio----------------\Ultimo Semestre Real ---------\AppRestaurante\Restaurant-Order-System-master
derby.system.home=null
Database Class Loader started - derby.database.classpath=''
----------------------------------------------------------------
Tue Oct 25 20:01:42 CDT 2022:
Shutting down instance 8d99c116-0184-11ce-d3ed-000000983758 on database directory C:\Users\vch_9\OneDrive\Documentos\-----------------Tecmilenio----------------\Ultimo Semestre Real ---------\AppRestaurante\Restaurant-Order-System-master\Employee with class loader sun.misc.Launcher$AppClassLoader@1f96302 
----------------------------------------------------------------
Tue Oct 25 20:01:42 CDT 2022:
Booting Derby version The Apache Software Foundation - Apache Derby - 10.9.1.0 - (1344872): instance f19d0158-0184-11ce-d3ed-000000983758 
on database directory C:\Users\vch_9\OneDrive\Documentos\-----------------Tecmilenio----------------\Ultimo Semestre Real ---------\AppRestaurante\Restaurant-Order-System-master\Employee  with class loader sun.misc.Launcher$AppClassLoader@1f96302 
Loaded from file:/C:/Users/vch_9/OneDrive/Documentos/-----------------Tecmilenio----------------/Ultimo%20Semestre%20Real%20---------/derby-10.9.1.0.jar
java.vendor=Oracle Corporation
java.runtime.version=1.8.0_221-b11
user.dir=C:\Users\vch_9\OneDrive\Documentos\-----------------Tecmilenio----------------\Ultimo Semestre Real ---------\AppRestaurante\Restaurant-Order-System-master
derby.system.home=null
Database Class Loader started - derby.database.classpath=''
----------------------------------------------------------------
Tue Oct 25 20:01:43 CDT 2022:
Shutting down instance f19d0158-0184-11ce-d3ed-000000983758 on database directory C:\Users\vch_9\OneDrive\Documentos\-----------------Tecmilenio----------------\Ultimo Semestre Real ---------\AppRestaurante\Restaurant-Order-System-master\Employee with class loader sun.misc.Launcher$AppClassLoader@1f96302 
----------------------------------------------------------------
Tue Oct 25 20:01:43 CDT 2022:
Booting Derby version The Apache Software Foundation - Apache Derby - 10.9.1.0 - (1344872): instance 19e1419a-0184-11ce-d3ed-000000983758 
on database directory C:\Users\vch_9\OneDrive\Documentos\-----------------Tecmilenio----------------\Ultimo Semestre Real ---------\AppRestaurante\Restaurant-Order-System-master\Employee  with class loader sun.misc.Launcher$AppClassLoader@1f96302 
Loaded from file:/C:/Users/vch_9/OneDrive/Documentos/-----------------Tecmilenio----------------/Ultimo%20Semestre%20Real%20---------/derby-10.9.1.0.jar
java.vendor=Oracle Corporation
java.runtime.version=1.8.0_221-b11
user.dir=C:\Users\vch_9\OneDrive\Documentos\-----------------Tecmilenio----------------\Ultimo Semestre Real ---------\AppRestaurante\Restaurant-Order-System-master
derby.system.home=null
Database Class Loader started - derby.database.classpath=''
----------------------------------------------------------------
Tue Oct 25 20:01:43 CDT 2022:
Shutting down instance 19e1419a-0184-11ce-d3ed-000000983758 on database directory C:\Users\vch_9\OneDrive\Documentos\-----------------Tecmilenio----------------\Ultimo Semestre Real ---------\AppRestaurante\Restaurant-Order-System-master\Employee with class loader sun.misc.Launcher$AppClassLoader@1f96302 
----------------------------------------------------------------
Tue Oct 25 20:01:46 CDT 2022:
Booting Derby version The Apache Software Foundation - Apache Derby - 10.9.1.0 - (1344872): instance 866681dc-0184-11ce-d3ed-000000983758 
on database directory C:\Users\vch_9\OneDrive\Documentos\-----------------Tecmilenio----------------\Ultimo Semestre Real ---------\AppRestaurante\Restaurant-Order-System-master\Employee  with class loader sun.misc.Launcher$AppClassLoader@1f96302 
Loaded from file:/C:/Users/vch_9/OneDrive/Documentos/-----------------Tecmilenio----------------/Ultimo%20Semestre%20Real%20---------/derby-10.9.1.0.jar
java.vendor=Oracle Corporation
java.runtime.version=1.8.0_221-b11
user.dir=C:\Users\vch_9\OneDrive\Documentos\-----------------Tecmilenio----------------\Ultimo Semestre Real ---------\AppRestaurante\Restaurant-Order-System-master
derby.system.home=null
Database Class Loader started - derby.database.classpath=''
----------------------------------------------------------------
Tue Oct 25 20:01:47 CDT 2022:
Shutting down instance 866681dc-0184-11ce-d3ed-000000983758 on database directory C:\Users\vch_9\OneDrive\Documentos\-----------------Tecmilenio----------------\Ultimo Semestre Real ---------\AppRestaurante\Restaurant-Order-System-master\Employee with class loader sun.misc.Launcher$AppClassLoader@1f96302 
----------------------------------------------------------------
Tue Oct 25 20:01:50 CDT 2022:
Booting Derby version The Apache Software Foundation - Apache Derby - 10.9.1.0 - (1344872): instance b72cc21e-0184-11ce-d3ed-000000983758 
on database directory C:\Users\vch_9\OneDrive\Documentos\-----------------Tecmilenio----------------\Ultimo Semestre Real ---------\AppRestaurante\Restaurant-Order-System-master\Employee  with class loader sun.misc.Launcher$AppClassLoader@1f96302 
Loaded from file:/C:/Users/vch_9/OneDrive/Documentos/-----------------Tecmilenio----------------/Ultimo%20Semestre%20Real%20---------/derby-10.9.1.0.jar
java.vendor=Oracle Corporation
java.runtime.version=1.8.0_221-b11
user.dir=C:\Users\vch_9\OneDrive\Documentos\-----------------Tecmilenio----------------\Ultimo Semestre Real ---------\AppRestaurante\Restaurant-Order-System-master
derby.system.home=null
Database Class Loader started - derby.database.classpath=''
----------------------------------------------------------------
Tue Oct 25 20:01:50 CDT 2022:
Shutting down instance b72cc21e-0184-11ce-d3ed-000000983758 on database directory C:\Users\vch_9\OneDrive\Documentos\-----------------Tecmilenio----------------\Ultimo Semestre Real ---------\AppRestaurante\Restaurant-Order-System-master\Employee with class loader sun.misc.Launcher$AppClassLoader@1f96302 
----------------------------------------------------------------
Tue Oct 25 20:01:50 CDT 2022:
Booting Derby version The Apache Software Foundation - Apache Derby - 10.9.1.0 - (1344872): instance 2c340260-0184-11ce-d3ed-000000983758 
on database directory C:\Users\vch_9\OneDrive\Documentos\-----------------Tecmilenio----------------\Ultimo Semestre Real ---------\AppRestaurante\Restaurant-Order-System-master\Employee  with class loader sun.misc.Launcher$AppClassLoader@1f96302 
Loaded from file:/C:/Users/vch_9/OneDrive/Documentos/-----------------Tecmilenio----------------/Ultimo%20Semestre%20Real%20---------/derby-10.9.1.0.jar
java.vendor=Oracle Corporation
java.runtime.version=1.8.0_221-b11
user.dir=C:\Users\vch_9\OneDrive\Documentos\-----------------Tecmilenio----------------\Ultimo Semestre Real ---------\AppRestaurante\Restaurant-Order-System-master
derby.system.home=null
Database Class Loader started - derby.database.classpath=''
----------------------------------------------------------------
Tue Oct 25 20:01:50 CDT 2022:
Shutting down instance 2c340260-0184-11ce-d3ed-000000983758 on database directory C:\Users\vch_9\OneDrive\Documentos\-----------------Tecmilenio----------------\Ultimo Semestre Real ---------\AppRestaurante\Restaurant-Order-System-master\Employee with class loader sun.misc.Launcher$AppClassLoader@1f96302 
----------------------------------------------------------------
Tue Oct 25 20:01:53 CDT 2022:
Booting Derby version The Apache Software Foundation - Apache Derby - 10.9.1.0 - (1344872): instance 657c42a2-0184-11ce-d3ed-000000983758 
on database directory C:\Users\vch_9\OneDrive\Documentos\-----------------Tecmilenio----------------\Ultimo Semestre Real ---------\AppRestaurante\Restaurant-Order-System-master\Employee  with class loader sun.misc.Launcher$AppClassLoader@1f96302 
Loaded from file:/C:/Users/vch_9/OneDrive/Documentos/-----------------Tecmilenio----------------/Ultimo%20Semestre%20Real%20---------/derby-10.9.1.0.jar
java.vendor=Oracle Corporation
java.runtime.version=1.8.0_221-b11
user.dir=C:\Users\vch_9\OneDrive\Documentos\-----------------Tecmilenio----------------\Ultimo Semestre Real ---------\AppRestaurante\Restaurant-Order-System-master
derby.system.home=null
Database Class Loader started - derby.database.classpath=''
----------------------------------------------------------------
Tue Oct 25 20:01:53 CDT 2022:
Shutting down instance 657c42a2-0184-11ce-d3ed-000000983758 on database directory C:\Users\vch_9\OneDrive\Documentos\-----------------Tecmilenio----------------\Ultimo Semestre Real ---------\AppRestaurante\Restaurant-Order-System-master\Employee with class loader sun.misc.Launcher$AppClassLoader@1f96302 
----------------------------------------------------------------
Tue Oct 25 20:01:53 CDT 2022:
Booting Derby version The Apache Software Foundation - Apache Derby - 10.9.1.0 - (1344872): instance e30582e4-0184-11ce-d3ed-000000983758 
on database directory C:\Users\vch_9\OneDrive\Documentos\-----------------Tecmilenio----------------\Ultimo Semestre Real ---------\AppRestaurante\Restaurant-Order-System-master\Employee  with class loader sun.misc.Launcher$AppClassLoader@1f96302 
Loaded from file:/C:/Users/vch_9/OneDrive/Documentos/-----------------Tecmilenio----------------/Ultimo%20Semestre%20Real%20---------/derby-10.9.1.0.jar
java.vendor=Oracle Corporation
java.runtime.version=1.8.0_221-b11
user.dir=C:\Users\vch_9\OneDrive\Documentos\-----------------Tecmilenio----------------\Ultimo Semestre Real ---------\AppRestaurante\Restaurant-Order-System-master
derby.system.home=null
Database Class Loader started - derby.database.classpath=''
----------------------------------------------------------------
Tue Oct 25 20:01:53 CDT 2022:
Shutting down instance e30582e4-0184-11ce-d3ed-000000983758 on database directory C:\Users\vch_9\OneDrive\Documentos\-----------------Tecmilenio----------------\Ultimo Semestre Real ---------\AppRestaurante\Restaurant-Order-System-master\Employee with class loader sun.misc.Launcher$AppClassLoader@1f96302 
----------------------------------------------------------------
Tue Oct 25 20:01:53 CDT 2022:
Booting Derby version The Apache Software Foundation - Apache Derby - 10.9.1.0 - (1344872): instance 24cfc326-0184-11ce-d3ed-000000983758 
on database directory C:\Users\vch_9\OneDrive\Documentos\-----------------Tecmilenio----------------\Ultimo Semestre Real ---------\AppRestaurante\Restaurant-Order-System-master\Employee  with class loader sun.misc.Launcher$AppClassLoader@1f96302 
Loaded from file:/C:/Users/vch_9/OneDrive/Documentos/-----------------Tecmilenio----------------/Ultimo%20Semestre%20Real%20---------/derby-10.9.1.0.jar
java.vendor=Oracle Corporation
java.runtime.version=1.8.0_221-b11
user.dir=C:\Users\vch_9\OneDrive\Documentos\-----------------Tecmilenio----------------\Ultimo Semestre Real ---------\AppRestaurante\Restaurant-Order-System-master
derby.system.home=null
Database Class Loader started - derby.database.classpath=''
----------------------------------------------------------------
Tue Oct 25 20:01:53 CDT 2022:
Shutting down instance 24cfc326-0184-11ce-d3ed-000000983758 on database directory C:\Users\vch_9\OneDrive\Documentos\-----------------Tecmilenio----------------\Ultimo Semestre Real ---------\AppRestaurante\Restaurant-Order-System-master\Employee with class loader sun.misc.Launcher$AppClassLoader@1f96302 
----------------------------------------------------------------
Tue Oct 25 20:01:53 CDT 2022:
Booting Derby version The Apache Software Foundation - Apache Derby - 10.9.1.0 - (1344872): instance aadb0368-0184-11ce-d3ed-000000983758 
on database directory C:\Users\vch_9\OneDrive\Documentos\-----------------Tecmilenio----------------\Ultimo Semestre Real ---------\AppRestaurante\Restaurant-Order-System-master\Employee  with class loader sun.misc.Launcher$AppClassLoader@1f96302 
Loaded from file:/C:/Users/vch_9/OneDrive/Documentos/-----------------Tecmilenio----------------/Ultimo%20Semestre%20Real%20---------/derby-10.9.1.0.jar
java.vendor=Oracle Corporation
java.runtime.version=1.8.0_221-b11
user.dir=C:\Users\vch_9\OneDrive\Documentos\-----------------Tecmilenio----------------\Ultimo Semestre Real ---------\AppRestaurante\Restaurant-Order-System-master
derby.system.home=null
Database Class Loader started - derby.database.classpath=''
----------------------------------------------------------------
Tue Oct 25 20:01:54 CDT 2022:
Shutting down instance aadb0368-0184-11ce-d3ed-000000983758 on database directory C:\Users\vch_9\OneDrive\Documentos\-----------------Tecmilenio----------------\Ultimo Semestre Real ---------\AppRestaurante\Restaurant-Order-System-master\Employee with class loader sun.misc.Launcher$AppClassLoader@1f96302 
----------------------------------------------------------------
Tue Oct 25 20:01:54 CDT 2022:
Booting Derby version The Apache Software Foundation - Apache Derby - 10.9.1.0 - (1344872): instance f52743aa-0184-11ce-d3ed-000000983758 
on database directory C:\Users\vch_9\OneDrive\Documentos\-----------------Tecmilenio----------------\Ultimo Semestre Real ---------\AppRestaurante\Restaurant-Order-System-master\Employee  with class loader sun.misc.Launcher$AppClassLoader@1f96302 
Loaded from file:/C:/Users/vch_9/OneDrive/Documentos/-----------------Tecmilenio----------------/Ultimo%20Semestre%20Real%20---------/derby-10.9.1.0.jar
java.vendor=Oracle Corporation
java.runtime.version=1.8.0_221-b11
user.dir=C:\Users\vch_9\OneDrive\Documentos\-----------------Tecmilenio----------------\Ultimo Semestre Real ---------\AppRestaurante\Restaurant-Order-System-master
derby.system.home=null
Database Class Loader started - derby.database.classpath=''
----------------------------------------------------------------
Tue Oct 25 20:01:54 CDT 2022:
Shutting down instance f52743aa-0184-11ce-d3ed-000000983758 on database directory C:\Users\vch_9\OneDrive\Documentos\-----------------Tecmilenio----------------\Ultimo Semestre Real ---------\AppRestaurante\Restaurant-Order-System-master\Employee with class loader sun.misc.Launcher$AppClassLoader@1f96302 
----------------------------------------------------------------
Tue Oct 25 20:02:05 CDT 2022:
Booting Derby version The Apache Software Foundation - Apache Derby - 10.9.1.0 - (1344872): instance 83b483ec-0184-11ce-d3ed-000000983758 
on database directory C:\Users\vch_9\OneDrive\Documentos\-----------------Tecmilenio----------------\Ultimo Semestre Real ---------\AppRestaurante\Restaurant-Order-System-master\Employee  with class loader sun.misc.Launcher$AppClassLoader@1f96302 
Loaded from file:/C:/Users/vch_9/OneDrive/Documentos/-----------------Tecmilenio----------------/Ultimo%20Semestre%20Real%20---------/derby-10.9.1.0.jar
java.vendor=Oracle Corporation
java.runtime.version=1.8.0_221-b11
user.dir=C:\Users\vch_9\OneDrive\Documentos\-----------------Tecmilenio----------------\Ultimo Semestre Real ---------\AppRestaurante\Restaurant-Order-System-master
derby.system.home=null
Database Class Loader started - derby.database.classpath=''
----------------------------------------------------------------
Tue Oct 25 20:02:05 CDT 2022:
Shutting down instance 83b483ec-0184-11ce-d3ed-000000983758 on database directory C:\Users\vch_9\OneDrive\Documentos\-----------------Tecmilenio----------------\Ultimo Semestre Real ---------\AppRestaurante\Restaurant-Order-System-master\Employee with class loader sun.misc.Launcher$AppClassLoader@1f96302 
----------------------------------------------------------------
Tue Oct 25 20:02:05 CDT 2022:
Booting Derby version The Apache Software Foundation - Apache Derby - 10.9.1.0 - (1344872): instance d682c42e-0184-11ce-d3ed-000000983758 
on database directory C:\Users\vch_9\OneDrive\Documentos\-----------------Tecmilenio----------------\Ultimo Semestre Real ---------\AppRestaurante\Restaurant-Order-System-master\Employee  with class loader sun.misc.Launcher$AppClassLoader@1f96302 
Loaded from file:/C:/Users/vch_9/OneDrive/Documentos/-----------------Tecmilenio----------------/Ultimo%20Semestre%20Real%20---------/derby-10.9.1.0.jar
java.vendor=Oracle Corporation
java.runtime.version=1.8.0_221-b11
user.dir=C:\Users\vch_9\OneDrive\Documentos\-----------------Tecmilenio----------------\Ultimo Semestre Real ---------\AppRestaurante\Restaurant-Order-System-master
derby.system.home=null
Database Class Loader started - derby.database.classpath=''
----------------------------------------------------------------
Tue Oct 25 20:02:05 CDT 2022:
Shutting down instance d682c42e-0184-11ce-d3ed-000000983758 on database directory C:\Users\vch_9\OneDrive\Documentos\-----------------Tecmilenio----------------\Ultimo Semestre Real ---------\AppRestaurante\Restaurant-Order-System-master\Employee with class loader sun.misc.Launcher$AppClassLoader@1f96302 
